[    28.040] (--) Log file renamed from "/home/masha1/.local/share/xorg/Xorg.pid-954.log" to "/home/masha1/.local/share/xorg/Xorg.0.log"
[    28.121] 
X.Org X Server 1.20.4
X Protocol Version 11, Revision 0
[    28.121] Build Operating System: Linux 4.4.0-148-generic x86_64 Ubuntu
[    28.121] Current Operating System: Linux masha1-VirtualBox 5.0.0-37-generic #40~18.04.1-Ubuntu SMP Thu Nov 14 12:06:39 UTC 2019 x86_64
[    28.121] Kernel command line: BOOT_IMAGE=/boot/vmlinuz-5.0.0-37-generic root=UUID=61e7f646-b364-44ed-822a-725abf6a93fe ro quiet splash
[    28.121] Build Date: 02 May 2019  08:06:54AM
[    28.121] xorg-server-hwe-18.04 2:1.20.4-1ubuntu3~18.04.1 (For technical support please see http://www.ubuntu.com/support) 
[    28.121] Current version of pixman: 0.34.0
[    28.121] 	Before reporting problems, check http://wiki.x.org
	to make sure that you have the latest version.
[    28.121] Markers: (--) probed, (**) from config file, (==) default setting,
	(++) from command line, (!!) notice, (II) informational,
	(WW) warning, (EE) error, (NI) not implemented, (??) unknown.
[    28.122] (==) Log file: "/home/masha1/.local/share/xorg/Xorg.0.log", Time: Sat Jan 11 02:21:39 2020
[    28.252] (==) Using system config directory "/usr/share/X11/xorg.conf.d"
[    28.345] (==) No Layout section.  Using the first Screen section.
[    28.345] (==) No screen section available. Using defaults.
[    28.345] (**) |-->Screen "Default Screen Section" (0)
[    28.346] (**) |   |-->Monitor "<default monitor>"
[    28.361] (==) No monitor specified for screen "Default Screen Section".
	Using a default monitor configuration.
[    28.361] (==) Automatically adding devices
[    28.361] (==) Automatically enabling devices
[    28.361] (==) Automatically adding GPU devices
[    28.361] (==) Automatically binding GPU devices
[    28.361] (==) Max clients allowed: 256, resource mask: 0x1fffff
[    28.409] (WW) The directory "/usr/share/fonts/X11/cyrillic" does not exist.
[    28.409] 	Entry deleted from font path.
[    28.409] (WW) The directory "/usr/share/fonts/X11/100dpi/" does not exist.
[    28.409] 	Entry deleted from font path.
[    28.409] (WW) The directory "/usr/share/fonts/X11/75dpi/" does not exist.
[    28.409] 	Entry deleted from font path.
[    28.418] (WW) The directory "/usr/share/fonts/X11/100dpi" does not exist.
[    28.418] 	Entry deleted from font path.
[    28.418] (WW) The directory "/usr/share/fonts/X11/75dpi" does not exist.
[    28.418] 	Entry deleted from font path.
[    28.418] (==) FontPath set to:
	/usr/share/fonts/X11/misc,
	/usr/share/fonts/X11/Type1,
	built-ins
[    28.418] (==) ModulePath set to "/usr/lib/xorg/modules"
[    28.418] (II) The server relies on udev to provide the list of input devices.
	If no devices become available, reconfigure udev or disable AutoAddDevices.
[    28.418] (II) Loader magic: 0x5622a74cb020
[    28.418] (II) Module ABI versions:
[    28.418] 	X.Org ANSI C Emulation: 0.4
[    28.418] 	X.Org Video Driver: 24.0
[    28.418] 	X.Org XInput driver : 24.1
[    28.418] 	X.Org Server Extension : 10.0
[    28.421] (++) using VT number 1

[    28.426] (II) systemd-logind: took control of session /org/freedesktop/login1/session/_31
[    28.428] (II) xfree86: Adding drm device (/dev/dri/card0)
[    28.432] (II) systemd-logind: got fd for /dev/dri/card0 226:0 fd 12 paused 0
[    28.436] (--) PCI:*(0@0:2:0) 15ad:0405:15ad:0405 rev 0, Mem @ 0xf0000000/16777216, 0xf1000000/2097152, I/O @ 0x0000d010/16, BIOS @ 0x????????/131072
[    28.436] (II) LoadModule: "glx"
[    28.490] (II) Loading /usr/lib/xorg/modules/extensions/libglx.so
[    28.732] (II) Module glx: vendor="X.Org Foundation"
[    28.732] 	compiled for 1.20.4, module version = 1.0.0
[    28.732] 	ABI class: X.Org Server Extension, version 10.0
[    28.732] (==) Matched vmware as autoconfigured driver 0
[    28.732] (==) Matched modesetting as autoconfigured driver 1
[    28.732] (==) Matched fbdev as autoconfigured driver 2
[    28.732] (==) Matched vesa as autoconfigured driver 3
[    28.732] (==) Assigned the driver to the xf86ConfigLayout
[    28.732] (II) LoadModule: "vmware"
[    28.733] (II) Loading /usr/lib/xorg/modules/drivers/vmware_drv.so
[    30.223] (II) Module vmware: vendor="X.Org Foundation"
[    30.223] 	compiled for 1.20.1, module version = 13.3.0
[    30.223] 	Module class: X.Org Video Driver
[    30.223] 	ABI class: X.Org Video Driver, version 24.0
[    30.223] (II) LoadModule: "modesetting"
[    30.223] (II) Loading /usr/lib/xorg/modules/drivers/modesetting_drv.so
[    30.255] (II) Module modesetting: vendor="X.Org Foundation"
[    30.255] 	compiled for 1.20.4, module version = 1.20.4
[    30.255] 	Module class: X.Org Video Driver
[    30.255] 	ABI class: X.Org Video Driver, version 24.0
[    30.255] (II) LoadModule: "fbdev"
[    30.255] (II) Loading /usr/lib/xorg/modules/drivers/fbdev_drv.so
[    30.264] (II) Module fbdev: vendor="X.Org Foundation"
[    30.264] 	compiled for 1.20.1, module version = 0.5.0
[    30.264] 	Module class: X.Org Video Driver
[    30.264] 	ABI class: X.Org Video Driver, version 24.0
[    30.264] (II) LoadModule: "vesa"
[    30.264] (II) Loading /usr/lib/xorg/modules/drivers/vesa_drv.so
[    30.273] (II) Module vesa: vendor="X.Org Foundation"
[    30.273] 	compiled for 1.20.1, module version = 2.4.0
[    30.273] 	Module class: X.Org Video Driver
[    30.273] 	ABI class: X.Org Video Driver, version 24.0
[    30.273] (II) vmware: driver for VMware SVGA: vmware0405, vmware0710
[    30.273] (II) modesetting: Driver for Modesetting Kernel Drivers: kms
[    30.273] (II) FBDEV: driver for framebuffer: fbdev
[    30.273] (II) VESA: driver for VESA chipsets: vesa
[    30.273] xf86EnableIOPorts: failed to set IOPL for I/O (Operation not permitted)
[    30.273] (WW) Falling back to old probe method for modesetting
[    30.274] (WW) Falling back to old probe method for fbdev
[    30.274] (II) Loading sub module "fbdevhw"
[    30.274] (II) LoadModule: "fbdevhw"
[    30.274] (II) Loading /usr/lib/xorg/modules/libfbdevhw.so
[    30.280] (II) Module fbdevhw: vendor="X.Org Foundation"
[    30.281] 	compiled for 1.20.4, module version = 0.0.2
[    30.281] 	ABI class: X.Org Video Driver, version 24.0
[    30.281] (EE) open /dev/fb0: Permission denied
[    30.281] (WW) VGA arbiter: cannot open kernel arbiter, no multi-card support
[    30.281] (II) vmware(0): Creating default Display subsection in Screen section
	"Default Screen Section" for depth/fbbpp 24/32
[    30.281] (--) vmware(0): DRM driver version is 2.15.0
[    30.281] (==) vmware(0): Depth 24, (--) framebuffer bpp 32
[    30.281] (==) vmware(0): RGB weight 888
[    30.281] (==) vmware(0): Default visual is TrueColor
[    30.281] (--) vmware(0): Min width 1, Max Width 8192.
[    30.281] (--) vmware(0): Min height 1, Max Height 8192.
[    30.281] (II) vmware(0): Output Virtual1 has no monitor section
[    30.282] (II) vmware(0): Output Virtual2 has no monitor section
[    30.282] (II) vmware(0): Output Virtual3 has no monitor section
[    30.282] (II) vmware(0): Output Virtual4 has no monitor section
[    30.282] (II) vmware(0): Output Virtual5 has no monitor section
[    30.282] (II) vmware(0): Output Virtual6 has no monitor section
[    30.282] (II) vmware(0): Output Virtual7 has no monitor section
[    30.282] (II) vmware(0): Output Virtual8 has no monitor section
[    30.282] (II) vmware(0): Printing probed modes for output Virtual1
[    30.282] (II) vmware(0): Modeline "800x600"x60.0   42.75  800 850 900 950  600 650 700 750 -hsync +vsync (45.0 kHz eP)
[    30.282] (II) vmware(0): Modeline "2560x1600"x60.0  348.50  2560 2752 3032 3504  1600 1603 1609 1658 -hsync +vsync (99.5 kHz e)
[    30.282] (II) vmware(0): Modeline "1920x1440"x60.0  234.00  1920 2048 2256 2600  1440 1441 1444 1500 -hsync +vsync (90.0 kHz e)
[    30.282] (II) vmware(0): Modeline "1856x1392"x60.0  218.25  1856 1952 2176 2528  1392 1393 1396 1439 -hsync +vsync (86.3 kHz e)
[    30.282] (II) vmware(0): Modeline "1792x1344"x60.0  204.75  1792 1920 2120 2448  1344 1345 1348 1394 -hsync +vsync (83.6 kHz e)
[    30.282] (II) vmware(0): Modeline "1920x1200"x59.9  193.25  1920 2056 2256 2592  1200 1203 1209 1245 -hsync +vsync (74.6 kHz e)
[    30.282] (II) vmware(0): Modeline "1600x1200"x60.0  162.00  1600 1664 1856 2160  1200 1201 1204 1250 +hsync +vsync (75.0 kHz e)
[    30.282] (II) vmware(0): Modeline "1680x1050"x60.0  146.25  1680 1784 1960 2240  1050 1053 1059 1089 -hsync +vsync (65.3 kHz e)
[    30.282] (II) vmware(0): Modeline "1400x1050"x60.0  121.75  1400 1488 1632 1864  1050 1053 1057 1089 -hsync +vsync (65.3 kHz e)
[    30.282] (II) vmware(0): Modeline "1280x1024"x60.0  108.00  1280 1328 1440 1688  1024 1025 1028 1066 +hsync +vsync (64.0 kHz e)
[    30.282] (II) vmware(0): Modeline "1440x900"x59.9  106.50  1440 1520 1672 1904  900 903 909 934 -hsync +vsync (55.9 kHz e)
[    30.282] (II) vmware(0): Modeline "1280x960"x60.0  108.00  1280 1376 1488 1800  960 961 964 1000 +hsync +vsync (60.0 kHz e)
[    30.282] (II) vmware(0): Modeline "1360x768"x60.0   85.50  1360 1424 1536 1792  768 771 777 795 +hsync +vsync (47.7 kHz e)
[    30.282] (II) vmware(0): Modeline "1280x800"x59.8   83.50  1280 1352 1480 1680  800 803 809 831 +hsync -vsync (49.7 kHz e)
[    30.282] (II) vmware(0): Modeline "1152x864"x75.0  108.00  1152 1216 1344 1600  864 865 868 900 +hsync +vsync (67.5 kHz e)
[    30.282] (II) vmware(0): Modeline "1280x768"x59.9   79.50  1280 1344 1472 1664  768 771 778 798 -hsync +vsync (47.8 kHz e)
[    30.282] (II) vmware(0): Modeline "1024x768"x60.0   65.00  1024 1048 1184 1344  768 771 777 806 -hsync -vsync (48.4 kHz e)
[    30.282] (II) vmware(0): Modeline "800x600"x60.3   40.00  800 840 968 1056  600 601 605 628 +hsync +vsync (37.9 kHz e)
[    30.282] (II) vmware(0): Modeline "640x480"x59.9   25.18  640 656 752 800  480 489 492 525 -hsync -vsync (31.5 kHz e)
[    30.283] (II) vmware(0): EDID for output Virtual2
[    30.283] (II) vmware(0): EDID for output Virtual3
[    30.283] (II) vmware(0): EDID for output Virtual4
[    30.283] (II) vmware(0): EDID for output Virtual5
[    30.283] (II) vmware(0): EDID for output Virtual6
[    30.283] (II) vmware(0): EDID for output Virtual7
[    30.283] (II) vmware(0): EDID for output Virtual8
[    30.283] (II) vmware(0): Output Virtual1 connected
[    30.283] (II) vmware(0): Output Virtual2 disconnected
[    30.283] (II) vmware(0): Output Virtual3 disconnected
[    30.283] (II) vmware(0): Output Virtual4 disconnected
[    30.283] (II) vmware(0): Output Virtual5 disconnected
[    30.283] (II) vmware(0): Output Virtual6 disconnected
[    30.283] (II) vmware(0): Output Virtual7 disconnected
[    30.283] (II) vmware(0): Output Virtual8 disconnected
[    30.283] (II) vmware(0): Using exact sizes for initial modes
[    30.283] (II) vmware(0): Output Virtual1 using initial mode 800x600 +0+0
[    30.283] (==) vmware(0): DPI set to (96, 96)
[    30.283] (==) vmware(0): Using gamma correction (1.0, 1.0, 1.0)
[    30.283] (II) Loading sub module "fb"
[    30.283] (II) LoadModule: "fb"
[    30.283] (II) Loading /usr/lib/xorg/modules/libfb.so
[    30.346] (II) Module fb: vendor="X.Org Foundation"
[    30.346] 	compiled for 1.20.4, module version = 1.0.0
[    30.346] 	ABI class: X.Org ANSI C Emulation, version 0.4
[    30.346] (II) Loading sub module "dri2"
[    30.346] (II) LoadModule: "dri2"
[    30.346] (II) Module "dri2" already built-in
[    30.346] (II) Loading sub module "dri3"
[    30.346] (II) LoadModule: "dri3"
[    30.346] (II) Module "dri3" already built-in
[    30.346] (II) UnloadModule: "modesetting"
[    30.346] (II) Unloading modesetting
[    30.346] (II) UnloadModule: "fbdev"
[    30.347] (II) Unloading fbdev
[    30.347] (II) UnloadSubModule: "fbdevhw"
[    30.347] (II) Unloading fbdevhw
[    30.347] (II) UnloadModule: "vesa"
[    30.347] (II) Unloading vesa
[    30.357] (II) vmware(0): Initialized VMWARE_CTRL extension version 0.2
[    30.423] (WW) vmware(0): Failed to initialize Gallium3D Xa. No render acceleration available.
[    30.423] (WW) vmware(0): Skipped initialization of direct rendering due to lack of render acceleration.
[    30.423] (--) vmware(0): Render acceleration is disabled.
[    30.423] (==) vmware(0): Rendercheck mode is disabled.
[    30.423] (--) vmware(0): Direct rendering (DRI2 3D) is disabled.
[    30.423] (--) vmware(0): Direct rendering (DRI3 3D) is disabled.
[    30.423] (==) vmware(0): Backing store enabled
[    30.423] (==) vmware(0): Silken mouse enabled
[    30.452] (==) vmware(0): DPMS enabled
[    30.452] (II) vmware(0): No 3D acceleration. Not setting up textured video.
[    30.452] (WW) vmware(0): Disabling Xv because no adaptors could be initialized.
[    30.452] (II) Initializing extension Generic Event Extension
[    30.452] (II) Initializing extension SHAPE
[    30.452] (II) Initializing extension MIT-SHM
[    30.452] (II) Initializing extension XInputExtension
[    30.463] (II) Initializing extension XTEST
[    30.464] (II) Initializing extension BIG-REQUESTS
[    30.464] (II) Initializing extension SYNC
[    30.464] (II) Initializing extension XKEYBOARD
[    30.464] (II) Initializing extension XC-MISC
[    30.464] (II) Initializing extension SECURITY
[    30.464] (II) Initializing extension XFIXES
[    30.464] (II) Initializing extension RENDER
[    30.465] (II) Initializing extension RANDR
[    30.465] (II) Initializing extension COMPOSITE
[    30.465] (II) Initializing extension DAMAGE
[    30.465] (II) Initializing extension MIT-SCREEN-SAVER
[    30.465] (II) Initializing extension DOUBLE-BUFFER
[    30.465] (II) Initializing extension RECORD
[    30.465] (II) Initializing extension DPMS
[    30.467] (II) Initializing extension Present
[    30.467] (II) Initializing extension DRI3
[    30.467] (II) Initializing extension X-Resource
[    30.467] (II) Initializing extension XVideo
[    30.467] (II) Initializing extension XVideo-MotionCompensation
[    30.467] (II) Initializing extension SELinux
[    30.467] (II) SELinux: Disabled on system
[    30.467] (II) Initializing extension GLX
[    30.468] (II) AIGLX: Screen 0 is not DRI2 capable
[    31.101] (II) IGLX: Loaded and initialized swrast
[    31.101] (II) GLX: Initialized DRISWRAST GL provider for screen 0
[    31.101] (II) Initializing extension XFree86-VidModeExtension
[    31.101] (II) Initializing extension XFree86-DGA
[    31.101] (II) Initializing extension XFree86-DRI
[    31.110] (II) Initializing extension DRI2
[    31.115] (II) vmware(0): Setting screen physical size to 211 x 158
[    31.930] (II) config/udev: Adding input device Power Button (/dev/input/event0)
[    31.930] (**) Power Button: Applying InputClass "libinput keyboard catchall"
[    31.930] (II) LoadModule: "libinput"
[    31.930] (II) Loading /usr/lib/xorg/modules/input/libinput_drv.so
[    31.972] (II) Module libinput: vendor="X.Org Foundation"
[    31.973] 	compiled for 1.20.1, module version = 0.28.1
[    31.973] 	Module class: X.Org XInput Driver
[    31.973] 	ABI class: X.Org XInput driver, version 24.1
[    31.973] (II) Using input driver 'libinput' for 'Power Button'
[    31.977] (II) systemd-logind: got fd for /dev/input/event0 13:64 fd 20 paused 0
[    31.977] (**) Power Button: always reports core events
[    31.977] (**) Option "Device" "/dev/input/event0"
[    31.977] (**) Option "_source" "server/udev"
[    31.978] (II) event0  - Power Button: is tagged by udev as: Keyboard
[    31.978] (II) event0  - Power Button: device is a keyboard
[    31.978] (II) event0  - Power Button: device removed
[    31.978] (**) Option "config_info" "udev:/sys/devices/LNXSYSTM:00/LNXPWRBN:00/input/input0/event0"
[    31.978] (II) XINPUT: Adding extended input device "Power Button" (type: KEYBOARD, id 6)
[    31.978] (**) Option "xkb_model" "pc105"
[    31.978] (**) Option "xkb_layout" "us"
[    31.979] (II) event0  - Power Button: is tagged by udev as: Keyboard
[    31.979] (II) event0  - Power Button: device is a keyboard
[    31.979] (II) config/udev: Adding input device Sleep Button (/dev/input/event1)
[    31.979] (**) Sleep Button: Applying InputClass "libinput keyboard catchall"
[    31.979] (II) Using input driver 'libinput' for 'Sleep Button'
[    31.981] (II) systemd-logind: got fd for /dev/input/event1 13:65 fd 23 paused 0
[    31.981] (**) Sleep Button: always reports core events
[    31.981] (**) Option "Device" "/dev/input/event1"
[    31.981] (**) Option "_source" "server/udev"
[    31.983] (II) event1  - Sleep Button: is tagged by udev as: Keyboard
[    31.983] (II) event1  - Sleep Button: device is a keyboard
[    31.983] (II) event1  - Sleep Button: device removed
[    31.984] (**) Option "config_info" "udev:/sys/devices/LNXSYSTM:00/LNXSLPBN:00/input/input1/event1"
[    31.984] (II) XINPUT: Adding extended input device "Sleep Button" (type: KEYBOARD, id 7)
[    31.984] (**) Option "xkb_model" "pc105"
[    31.984] (**) Option "xkb_layout" "us"
[    31.985] (II) event1  - Sleep Button: is tagged by udev as: Keyboard
[    31.985] (II) event1  - Sleep Button: device is a keyboard
[    31.985] (II) config/udev: Adding input device Video Bus (/dev/input/event3)
[    31.985] (**) Video Bus: Applying InputClass "libinput keyboard catchall"
[    31.985] (II) Using input driver 'libinput' for 'Video Bus'
[    31.992] (II) systemd-logind: got fd for /dev/input/event3 13:67 fd 24 paused 0
[    31.992] (**) Video Bus: always reports core events
[    31.992] (**) Option "Device" "/dev/input/event3"
[    31.992] (**) Option "_source" "server/udev"
[    31.993] (II) event3  - Video Bus: is tagged by udev as: Keyboard
[    31.993] (II) event3  - Video Bus: device is a keyboard
[    31.993] (II) event3  - Video Bus: device removed
[    31.993] (**) Option "config_info" "udev:/sys/devices/LNXSYSTM:00/LNXSYBUS:00/PNP0A03:00/LNXVIDEO:00/input/input4/event3"
[    31.993] (II) XINPUT: Adding extended input device "Video Bus" (type: KEYBOARD, id 8)
[    31.993] (**) Option "xkb_model" "pc105"
[    31.993] (**) Option "xkb_layout" "us"
[    31.994] (II) event3  - Video Bus: is tagged by udev as: Keyboard
[    31.994] (II) event3  - Video Bus: device is a keyboard
[    31.995] (II) config/udev: Adding input device VirtualBox mouse integration (/dev/input/event6)
[    31.995] (**) VirtualBox mouse integration: Applying InputClass "libinput pointer catchall"
[    31.995] (II) Using input driver 'libinput' for 'VirtualBox mouse integration'
[    32.001] (II) systemd-logind: got fd for /dev/input/event6 13:70 fd 25 paused 0
[    32.001] (**) VirtualBox mouse integration: always reports core events
[    32.001] (**) Option "Device" "/dev/input/event6"
[    32.001] (**) Option "_source" "server/udev"
[    32.002] (II) event6  - VirtualBox mouse integration: is tagged by udev as: Mouse
[    32.002] (II) event6  - VirtualBox mouse integration: device is a pointer
[    32.002] (II) event6  - VirtualBox mouse integration: device removed
[    32.002] (**) Option "config_info" "udev:/sys/devices/pci0000:00/0000:00:04.0/input/input7/event6"
[    32.002] (II) XINPUT: Adding extended input device "VirtualBox mouse integration" (type: MOUSE, id 9)
[    32.002] (**) Option "AccelerationScheme" "none"
[    32.002] (**) VirtualBox mouse integration: (accel) selected scheme none/0
[    32.002] (**) VirtualBox mouse integration: (accel) acceleration factor: 2.000
[    32.002] (**) VirtualBox mouse integration: (accel) acceleration threshold: 4
[    32.003] (II) event6  - VirtualBox mouse integration: is tagged by udev as: Mouse
[    32.003] (II) event6  - VirtualBox mouse integration: device is a pointer
[    32.003] (II) config/udev: Adding input device VirtualBox mouse integration (/dev/input/js1)
[    32.003] (II) No input driver specified, ignoring this device.
[    32.003] (II) This device may have been added with another device file.
[    32.004] (II) config/udev: Adding input device VirtualBox USB Tablet (/dev/input/event5)
[    32.004] (**) VirtualBox USB Tablet: Applying InputClass "libinput pointer catchall"
[    32.004] (II) Using input driver 'libinput' for 'VirtualBox USB Tablet'
[    32.066] (II) systemd-logind: got fd for /dev/input/event5 13:69 fd 26 paused 0
[    32.066] (**) VirtualBox USB Tablet: always reports core events
[    32.066] (**) Option "Device" "/dev/input/event5"
[    32.066] (**) Option "_source" "server/udev"
[    32.066] (II) event5  - VirtualBox USB Tablet: is tagged by udev as: Mouse
[    32.066] (II) event5  - VirtualBox USB Tablet: device is a pointer
[    32.066] (II) event5  - VirtualBox USB Tablet: device removed
[    32.067] (**) Option "config_info" "udev:/sys/devices/pci0000:00/0000:00:06.0/usb1/1-1/1-1:1.0/0003:80EE:0021.0001/input/input6/event5"
[    32.067] (II) XINPUT: Adding extended input device "VirtualBox USB Tablet" (type: MOUSE, id 10)
[    32.067] (**) Option "AccelerationScheme" "none"
[    32.067] (**) VirtualBox USB Tablet: (accel) selected scheme none/0
[    32.067] (**) VirtualBox USB Tablet: (accel) acceleration factor: 2.000
[    32.067] (**) VirtualBox USB Tablet: (accel) acceleration threshold: 4
[    32.067] (II) event5  - VirtualBox USB Tablet: is tagged by udev as: Mouse
[    32.067] (II) event5  - VirtualBox USB Tablet: device is a pointer
[    32.068] (II) config/udev: Adding input device VirtualBox USB Tablet (/dev/input/js0)
[    32.068] (II) No input driver specified, ignoring this device.
[    32.068] (II) This device may have been added with another device file.
[    32.068] (II) config/udev: Adding input device VirtualBox USB Tablet (/dev/input/mouse1)
[    32.069] (II) No input driver specified, ignoring this device.
[    32.069] (II) This device may have been added with another device file.
[    32.069] (II) config/udev: Adding input device AT Translated Set 2 keyboard (/dev/input/event2)
[    32.069] (**) AT Translated Set 2 keyboard: Applying InputClass "libinput keyboard catchall"
[    32.069] (II) Using input driver 'libinput' for 'AT Translated Set 2 keyboard'
[    32.073] (II) systemd-logind: got fd for /dev/input/event2 13:66 fd 27 paused 0
[    32.073] (**) AT Translated Set 2 keyboard: always reports core events
[    32.073] (**) Option "Device" "/dev/input/event2"
[    32.073] (**) Option "_source" "server/udev"
[    32.074] (II) event2  - AT Translated Set 2 keyboard: is tagged by udev as: Keyboard
[    32.074] (II) event2  - AT Translated Set 2 keyboard: device is a keyboard
[    32.074] (II) event2  - AT Translated Set 2 keyboard: device removed
[    32.074] (**) Option "config_info" "udev:/sys/devices/platform/i8042/serio0/input/input2/event2"
[    32.074] (II) XINPUT: Adding extended input device "AT Translated Set 2 keyboard" (type: KEYBOARD, id 11)
[    32.074] (**) Option "xkb_model" "pc105"
[    32.074] (**) Option "xkb_layout" "us"
[    32.074] (II) event2  - AT Translated Set 2 keyboard: is tagged by udev as: Keyboard
[    32.074] (II) event2  - AT Translated Set 2 keyboard: device is a keyboard
[    32.075] (II) config/udev: Adding input device ImExPS/2 Generic Explorer Mouse (/dev/input/event4)
[    32.075] (**) ImExPS/2 Generic Explorer Mouse: Applying InputClass "libinput pointer catchall"
[    32.075] (II) Using input driver 'libinput' for 'ImExPS/2 Generic Explorer Mouse'
[    32.076] (II) systemd-logind: got fd for /dev/input/event4 13:68 fd 28 paused 0
[    32.076] (**) ImExPS/2 Generic Explorer Mouse: always reports core events
[    32.076] (**) Option "Device" "/dev/input/event4"
[    32.076] (**) Option "_source" "server/udev"
[    32.077] (II) event4  - ImExPS/2 Generic Explorer Mouse: is tagged by udev as: Mouse
[    32.077] (II) event4  - ImExPS/2 Generic Explorer Mouse: device is a pointer
[    32.077] (II) event4  - ImExPS/2 Generic Explorer Mouse: device removed
[    32.078] (**) Option "config_info" "udev:/sys/devices/platform/i8042/serio1/input/input5/event4"
[    32.078] (II) XINPUT: Adding extended input device "ImExPS/2 Generic Explorer Mouse" (type: MOUSE, id 12)
[    32.078] (**) Option "AccelerationScheme" "none"
[    32.078] (**) ImExPS/2 Generic Explorer Mouse: (accel) selected scheme none/0
[    32.078] (**) ImExPS/2 Generic Explorer Mouse: (accel) acceleration factor: 2.000
[    32.078] (**) ImExPS/2 Generic Explorer Mouse: (accel) acceleration threshold: 4
[    32.078] (II) event4  - ImExPS/2 Generic Explorer Mouse: is tagged by udev as: Mouse
[    32.078] (II) event4  - ImExPS/2 Generic Explorer Mouse: device is a pointer
[    32.079] (II) config/udev: Adding input device ImExPS/2 Generic Explorer Mouse (/dev/input/mouse0)
[    32.079] (II) No input driver specified, ignoring this device.
[    32.079] (II) This device may have been added with another device file.
[  4930.161] (II) config/udev: removing device VirtualBox USB Tablet
[  4930.301] (**) Option "fd" "26"
[  4930.409] (II) event5  - VirtualBox USB Tablet: device removed
[  4930.543] (II) UnloadModule: "libinput"
[  4930.544] (II) systemd-logind: releasing fd for 13:69
[  4930.545] (EE) systemd-logind: failed to release device: Device not taken
[ 21510.253] (EE) client bug: timer event4 debounce: offset negative (-5ms)
[ 21510.363] (EE) client bug: timer event4 debounce: offset negative (-67ms)
[ 21510.363] (EE) client bug: timer event4 debounce short: offset negative (-80ms)
[ 27984.583] (EE) client bug: timer event4 debounce: offset negative (-15ms)
[ 27984.670] (EE) client bug: timer event4 debounce: offset negative (-51ms)
[ 27984.670] (EE) client bug: timer event4 debounce short: offset negative (-64ms)
[ 28208.642] (II) event6  - VirtualBox mouse integration: SYN_DROPPED event - some input events have been lost.
[ 28218.164] (II) event6  - VirtualBox mouse integration: SYN_DROPPED event - some input events have been lost.
[ 28218.692] (EE) client bug: timer event4 debounce: offset negative (-329ms)
[ 28218.692] (EE) client bug: timer event4 debounce: offset negative (-250ms)
[ 28218.692] (EE) client bug: timer event4 debounce short: offset negative (-263ms)
[ 28242.098] (II) event6  - VirtualBox mouse integration: SYN_DROPPED event - some input events have been lost.
[ 28243.562] (II) event6  - VirtualBox mouse integration: SYN_DROPPED event - some input events have been lost.
[ 28269.488] (II) event6  - VirtualBox mouse integration: SYN_DROPPED event - some input events have been lost.
[ 28269.622] (EE) client bug: timer event4 debounce: offset negative (-1923ms)
[ 28269.622] (EE) client bug: timer event4 debounce: offset negative (-1804ms)
[ 28269.622] (EE) client bug: timer event4 debounce short: offset negative (-1817ms)
[ 28269.622] (EE) client bug: timer event4 debounce: offset negative (-1444ms)
[ 28269.622] (EE) client bug: timer event4 debounce: offset negative (-996ms)
[ 28269.623] (EE) client bug: timer event4 debounce short: offset negative (-1009ms)
[ 28269.623] (EE) client bug: timer event4 debounce: offset negative (-716ms)
[ 28269.623] (EE) client bug: timer event4 debounce: offset negative (-509ms)
[ 28269.624] (EE) client bug: timer event4 debounce short: offset negative (-522ms)
[ 28281.411] (II) event6  - VirtualBox mouse integration: SYN_DROPPED event - some input events have been lost.
[ 28282.486] (II) event6  - VirtualBox mouse integration: SYN_DROPPED event - some input events have been lost.
[ 28288.921] (II) event6  - VirtualBox mouse integration: SYN_DROPPED event - some input events have been lost.
[ 28290.983] (EE) client bug: timer event4 debounce: offset negative (-60ms)
[ 28347.023] (II) event6  - VirtualBox mouse integration: SYN_DROPPED event - some input events have been lost.
[ 28348.589] (II) event6  - VirtualBox mouse integration: SYN_DROPPED event - some input events have been lost.
[ 28348.589] (EE) client bug: timer event4 debounce: offset negative (-1490ms)
[ 28348.590] (EE) client bug: timer event4 debounce: offset negative (-1387ms)
[ 28348.590] (EE) client bug: timer event4 debounce short: offset negative (-1400ms)
[ 29793.514] (II) event6  - VirtualBox mouse integration: SYN_DROPPED event - some input events have been lost.
[ 29859.107] (EE) client bug: timer event4 debounce: offset negative (-357ms)
[ 29859.238] (EE) client bug: timer event4 debounce: offset negative (-555ms)
[ 29859.238] (EE) client bug: timer event4 debounce short: offset negative (-568ms)
